Falló la carga de <script> con fuente “https://lofi-studio-ma.vercel.app/_vercel/insights/script.js”. error:1:1
[Vercel Web Analytics] Failed to load script from /_vercel/insights/script.js. Be sure to enable Web Analytics for your project and deploy again. See https://vercel.com/docs/analytics/quickstart for more information. 209-d691cfa41f1de350.js:1:8735
[lottie] fetch failed Play https://assets8.lottiefiles.com/packages/lf20_playbutton.json 403 page-303e75fb04b073ce.js:1:13803
z: JSON.parse: unexpected character at line 1 column 1 of the JSON data. Read more at https://errors.authjs.dev#autherror
    D NextJS
310-78baec8c8748e0a1.js:1:5445
[lottie] fetch failed Volume2 https://assets4.lottiefiles.com/private_files/lf30_volume.json 403 page-303e75fb04b073ce.js:1:13803
[lottie] fetch failed MapPin https://assets1.lottiefiles.com/packages/lf20_mappin.json 403 page-303e75fb04b073ce.js:1:13803
[lottie] fetch failed Search https://assets2.lottiefiles.com/packages/lf20_search.json 403 page-303e75fb04b073ce.js:1:13803
[lottie] fetch failed MapPin https://assets1.lottiefiles.com/packages/lf20_mappin.json 403 page-303e75fb04b073ce.js:1:13803
Se proporcionó cookie particionada o acceso de almacenamiento a "https://vercel.live/_next-live/feedback/feedback.html?dpl=dpl_8YP8EaqjxkGJU8TPh2BEZhXkxWgr" porque se carga en el contexto de terceros y está habilitada la partición de estado dinámico. feedback.html:9:10574
[lottie] fetch failed Search https://assets2.lottiefiles.com/packages/lf20_search.json 403 page-303e75fb04b073ce.js:1:13803
[lottie] fetch failed Quote https://assets8.lottiefiles.com/packages/lf20_quote.json 403 page-303e75fb04b073ce.js:1:13803
[lottie] fetch failed Book https://assets5.lottiefiles.com/packages/lf20_book.json 403 page-303e75fb04b073ce.js:1:13803
[lottie] fetch failed Search https://assets2.lottiefiles.com/packages/lf20_search.json 403 page-303e75fb04b073ce.js:1:13803
[lottie] fetch failed Book https://assets5.lottiefiles.com/packages/lf20_book.json 403 page-303e75fb04b073ce.js:1:13803
Uncaught (in promise) TypeError: can't access property "insertBefore", this._$AA.parentNode is null
    M https://unpkg.com/@lottiefiles/lottie-player@latest/dist/lottie-player.js:25
    S https://unpkg.com/@lottiefiles/lottie-player@latest/dist/lottie-player.js:25
    T https://unpkg.com/@lottiefiles/lottie-player@latest/dist/lottie-player.js:25
    _$AI https://unpkg.com/@lottiefiles/lottie-player@latest/dist/lottie-player.js:25
    m https://unpkg.com/@lottiefiles/lottie-player@latest/dist/lottie-player.js:25
    T https://unpkg.com/@lottiefiles/lottie-player@latest/dist/lottie-player.js:25
    _$AI https://unpkg.com/@lottiefiles/lottie-player@latest/dist/lottie-player.js:25
    x https://unpkg.com/@lottiefiles/lottie-player@latest/dist/lottie-player.js:25
    update https://unpkg.com/@lottiefiles/lottie-player@latest/dist/lottie-player.js:25
    performUpdate https://unpkg.com/@lottiefiles/lottie-player@latest/dist/lottie-player.js:25
    scheduleUpdate https://unpkg.com/@lottiefiles/lottie-player@latest/dist/lottie-player.js:25
    EC https://unpkg.com/@lottiefiles/lottie-player@latest/dist/lottie-player.js:25
    asyncGeneratorStep https://unpkg.com/@lottiefiles/lottie-player@latest/dist/lottie-player.js:1
    n https://unpkg.com/@lottiefiles/lottie-player@latest/dist/lottie-player.js:1
10 lottie-player.js:25:11046
z: JSON.parse: unexpected character at line 1 column 1 of the JSON data. Read more at https://errors.authjs.dev#autherror
    D NextJS
310-78baec8c8748e0a1.js:1:5445
Feature Policy: Saltándose una función de nombre no compatible “accelerometer”. www-widgetapi.js:178:421
Feature Policy: Saltándose una función de nombre no compatible “autoplay”. www-widgetapi.js:178:421
Feature Policy: Saltándose una función de nombre no compatible “clipboard-write”. www-widgetapi.js:178:421
Feature Policy: Saltándose una función de nombre no compatible “encrypted-media”. www-widgetapi.js:178:421
Feature Policy: Saltándose una función de nombre no compatible “gyroscope”. www-widgetapi.js:178:421
Feature Policy: Saltándose una función de nombre no compatible “picture-in-picture”. www-widgetapi.js:178:421
Feature Policy: Saltándose una función de nombre no compatible “accelerometer”. www-widgetapi.js:179:266
Feature Policy: Saltándose una función de nombre no compatible “autoplay”. www-widgetapi.js:179:266
Feature Policy: Saltándose una función de nombre no compatible “clipboard-write”. www-widgetapi.js:179:266
Feature Policy: Saltándose una función de nombre no compatible “encrypted-media”. www-widgetapi.js:179:266
Feature Policy: Saltándose una función de nombre no compatible “gyroscope”. www-widgetapi.js:179:266
Feature Policy: Saltándose una función de nombre no compatible “picture-in-picture”. www-widgetapi.js:179:266
Feature Policy: Saltándose una función de nombre no compatible “accelerometer”. www-widgetapi.js:181:30
Feature Policy: Saltándose una función de nombre no compatible “autoplay”. www-widgetapi.js:181:30
Feature Policy: Saltándose una función de nombre no compatible “clipboard-write”. www-widgetapi.js:181:30
Feature Policy: Saltándose una función de nombre no compatible “encrypted-media”. www-widgetapi.js:181:30
Feature Policy: Saltándose una función de nombre no compatible “gyroscope”. www-widgetapi.js:181:30
Feature Policy: Saltándose una función de nombre no compatible “picture-in-picture”. www-widgetapi.js:181:30
[lottie] fetch failed MapPin https://assets1.lottiefiles.com/packages/lf20_mappin.json 403 page-303e75fb04b073ce.js:1:13803
[lottie] fetch failed Cloud https://assets5.lottiefiles.com/packages/lf20_cloud.json 403 page-303e75fb04b073ce.js:1:13803
[lottie] fetch failed Droplets https://assets2.lottiefiles.com/packages/lf20_droplets.json 403 page-303e75fb04b073ce.js:1:13803
[lottie] fetch failed Wind https://assets8.lottiefiles.com/packages/lf20_wind.json 403 page-303e75fb04b073ce.js:1:13803
Uncaught (in promise) TypeError: can't access property "insertBefore", this._$AA.parentNode is null
    M https://unpkg.com/@lottiefiles/lottie-player@latest/dist/lottie-player.js:25
    S https://unpkg.com/@lottiefiles/lottie-player@latest/dist/lottie-player.js:25
    T https://unpkg.com/@lottiefiles/lottie-player@latest/dist/lottie-player.js:25
    _$AI https://unpkg.com/@lottiefiles/lottie-player@latest/dist/lottie-player.js:25
    m https://unpkg.com/@lottiefiles/lottie-player@latest/dist/lottie-player.js:25
    T https://unpkg.com/@lottiefiles/lottie-player@latest/dist/lottie-player.js:25
    _$AI https://unpkg.com/@lottiefiles/lottie-player@latest/dist/lottie-player.js:25
    x https://unpkg.com/@lottiefiles/lottie-player@latest/dist/lottie-player.js:25
    update https://unpkg.com/@lottiefiles/lottie-player@latest/dist/lottie-player.js:25
    performUpdate https://unpkg.com/@lottiefiles/lottie-player@latest/dist/lottie-player.js:25
    scheduleUpdate https://unpkg.com/@lottiefiles/lottie-player@latest/dist/lottie-player.js:25
    EC https://unpkg.com/@lottiefiles/lottie-player@latest/dist/lottie-player.js:25
    asyncGeneratorStep https://unpkg.com/@lottiefiles/lottie-player@latest/dist/lottie-player.js:1
    n https://unpkg.com/@lottiefiles/lottie-player@latest/dist/lottie-player.js:1
4 lottie-player.js:25:11046
[lottie] fetch failed MapPin https://assets1.lottiefiles.com/packages/lf20_mappin.json 403 page-303e75fb04b073ce.js:1:13803
Uncaught (in promise) TypeError: can't access property "insertBefore", this._$AA.parentNode is null
    M https://unpkg.com/@lottiefiles/lottie-player@latest/dist/lottie-player.js:25
    S https://unpkg.com/@lottiefiles/lottie-player@latest/dist/lottie-player.js:25
    T https://unpkg.com/@lottiefiles/lottie-player@latest/dist/lottie-player.js:25
    _$AI https://unpkg.com/@lottiefiles/lottie-player@latest/dist/lottie-player.js:25
    m https://unpkg.com/@lottiefiles/lottie-player@latest/dist/lottie-player.js:25
    T https://unpkg.com/@lottiefiles/lottie-player@latest/dist/lottie-player.js:25
    _$AI https://unpkg.com/@lottiefiles/lottie-player@latest/dist/lottie-player.js:25
    x https://unpkg.com/@lottiefiles/lottie-player@latest/dist/lottie-player.js:25
    update https://unpkg.com/@lottiefiles/lottie-player@latest/dist/lottie-player.js:25
    performUpdate https://unpkg.com/@lottiefiles/lottie-player@latest/dist/lottie-player.js:25
    scheduleUpdate https://unpkg.com/@lottiefiles/lottie-player@latest/dist/lottie-player.js:25
    EC https://unpkg.com/@lottiefiles/lottie-player@latest/dist/lottie-player.js:25
    asyncGeneratorStep https://unpkg.com/@lottiefiles/lottie-player@latest/dist/lottie-player.js:1
    n https://unpkg.com/@lottiefiles/lottie-player@latest/dist/lottie-player.js:1
lottie-player.js:25:11046
Falló la ejecución de 'postMessage' en 'DOMWindow': El origen de destino proporcionó ('https://www.youtube.com') que no coincide con el origen de la ventana que recibe ('https://lofi-studio-ma.vercel.app'). error
La cookie “YSC” ha sido rechazada porque es externa y no tiene el atributo “Partitioned“. MYPVQccHhAQ
La cookie “__Secure-YEC” ha sido rechazada porque es externa y no tiene el atributo “Partitioned“. MYPVQccHhAQ
La cookie “VISITOR_INFO1_LIVE” ha sido rechazada porque es externa y no tiene el atributo “Partitioned“. MYPVQccHhAQ
La cookie “VISITOR_PRIVACY_METADATA” ha sido rechazada porque es externa y no tiene el atributo “Partitioned“. MYPVQccHhAQ
Content-Security-Policy: No se puede procesar directiva desconocida 'require-trusted-types-for' MYPVQccHhAQ
La cookie “LAST_RESULT_ENTRY_KEY” ha sido rechazada porque es externa y no tiene el atributo “Partitioned“. MYPVQccHhAQ
Pedido de origen cruzado bloqueado: La política de mismo origen no permite leer el recurso remoto en data:text/plain;base64,Cg==. (Razón: pedido CORS no es http).
La cookie “PREF” ha sido rechazada porque es externa y no tiene el atributo “Partitioned“. MYPVQccHhAQ
La cookie “TESTCOOKIESENABLED” ha sido rechazada porque es externa y no tiene el atributo “Partitioned“. MYPVQccHhAQ
La cookie “__cf_bm” ha sido rechazada porque es externa y no tiene el atributo “Partitioned“. audio_5dbf14d543.mp3
La cookie “_cfuvid” ha sido rechazada porque es externa y no tiene el atributo “Partitioned“. audio_5dbf14d543.mp3
Carga de HTTP falló con estado 403. Carga de recurso de medios https://cdn.pixabay.com/download/audio/2023/01/25/audio_5dbf14d543.mp3?filename=thunder-and-rain-135472.mp3 falló. error
La cookie “TESTCOOKIESENABLED” ha sido rechazada porque es externa y no tiene el atributo “Partitioned“. MYPVQccHhAQ
La cookie “__cf_bm” ha sido rechazada porque es externa y no tiene el atributo “Partitioned“. audio_5dbf14d543.mp3
La cookie “_cfuvid” ha sido rechazada porque es externa y no tiene el atributo “Partitioned“. audio_5dbf14d543.mp3
Carga de HTTP falló con estado 403. Carga de recurso de medios https://cdn.pixabay.com/download/audio/2023/01/25/audio_5dbf14d543.mp3?filename=thunder-and-rain-135472.mp3 falló. error
Se proporcionó cookie particionada o acceso de almacenamiento a "https://www.youtube.com/embed/MYPVQccHhAQ?autoplay=1&controls=0&rel=0&mute=1&playsinline=1&loop=1&playlist=MYPVQccHhAQ&iv_load_policy=3&disablekb=1&enablejsapi=1&origin=https%3A%2F%2Flofi-studio-ma.vercel.app&widgetid=1&forigin=https%3A%2F%2Flofi-studio-ma.vercel.app%2Fapi%2Fauth%2Ferror&aoriginsup=0&gporigin=https%3A%2F%2Flofi-studio-ma.vercel.app%2F&vf=2" porque se carga en el contexto de terceros y está habilitada la partición de estado dinámico. www-embed-player.js:508:40
La cookie “__cf_bm” ha sido rechazada porque es externa y no tiene el atributo “Partitioned“. audio_48828b0dc2.mp3
La cookie “_cfuvid” ha sido rechazada porque es externa y no tiene el atributo “Partitioned“. audio_48828b0dc2.mp3
Carga de HTTP falló con estado 403. Carga de recurso de medios https://cdn.pixabay.com/download/audio/2021/12/22/audio_48828b0dc2.mp3?filename=night-forest-ambient-113039.mp3 falló. error
La cookie “__cf_bm” ha sido rechazada porque es externa y no tiene el atributo “Partitioned“. audio_c8545935f9.mp3
La cookie “_cfuvid” ha sido rechazada porque es externa y no tiene el atributo “Partitioned“. audio_c8545935f9.mp3
La cookie “__cf_bm” ha sido rechazada porque es externa y no tiene el atributo “Partitioned“. audio_13935701cf.mp3
La cookie “_cfuvid” ha sido rechazada porque es externa y no tiene el atributo “Partitioned“. audio_13935701cf.mp3
Carga de HTTP falló con estado 403. Carga de recurso de medios https://cdn.pixabay.com/download/audio/2021/12/13/audio_c8545935f9.mp3?filename=coffee-shop-ambience-111881.mp3 falló. error
Carga de HTTP falló con estado 403. Carga de recurso de medios https://cdn.pixabay.com/download/audio/2022/10/24/audio_13935701cf.mp3?filename=city-night-ambience-124639.mp3 falló. error
La cookie “__cf_bm” ha sido rechazada porque es externa y no tiene el atributo “Partitioned“. audio_0e109845a9.mp3
La cookie “_cfuvid” ha sido rechazada porque es externa y no tiene el atributo “Partitioned“. audio_0e109845a9.mp3
Carga de HTTP falló con estado 403. Carga de recurso de medios https://cdn.pixabay.com/download/audio/2021/12/17/audio_0e109845a9.mp3?filename=seagulls-and-waves-112423.mp3 falló. error
La cookie “__cf_bm” ha sido rechazada porque es externa y no tiene el atributo “Partitioned“. audio_13935701cf.mp3
La cookie “_cfuvid” ha sido rechazada porque es externa y no tiene el atributo “Partitioned“. audio_13935701cf.mp3
Carga de HTTP falló con estado 403. Carga de recurso de medios https://cdn.pixabay.com/download/audio/2022/10/24/audio_13935701cf.mp3?filename=city-night-ambience-124639.mp3 falló. error
La cookie “__cf_bm” ha sido rechazada porque es externa y no tiene el atributo “Partitioned“. audio_13935701cf.mp3
La cookie “_cfuvid” ha sido rechazada porque es externa y no tiene el atributo “Partitioned“. audio_13935701cf.mp3
Carga de HTTP falló con estado 403. Carga de recurso de medios https://cdn.pixabay.com/download/audio/2022/10/24/audio_13935701cf.mp3?filename=city-night-ambience-124639.mp3 falló. error
La cookie “__cf_bm” ha sido rechazada porque es externa y no tiene el atributo “Partitioned“. audio_48828b0dc2.mp3
La cookie “_cfuvid” ha sido rechazada porque es externa y no tiene el atributo “Partitioned“. audio_48828b0dc2.mp3
Carga de HTTP falló con estado 403. Carga de recurso de medios https://cdn.pixabay.com/download/audio/2021/12/22/audio_48828b0dc2.mp3?filename=night-forest-ambient-113039.mp3 falló. error
unreachable code after return statement 8U3f7mxzDCg6-QNh2sAl4bfKrn-Nz1ABcCMwpephyog.js:2093:20129
unreachable code after return statement 8U3f7mxzDCg6-QNh2sAl4bfKrn-Nz1ABcCMwpephyog.js:2093:22888
unreachable code after return statement 8U3f7mxzDCg6-QNh2sAl4bfKrn-Nz1ABcCMwpephyog.js:2093:22985
unreachable code after return statement 8U3f7mxzDCg6-QNh2sAl4bfKrn-Nz1ABcCMwpephyog.js:2093:24654
unreachable code after return statement 8U3f7mxzDCg6-QNh2sAl4bfKrn-Nz1ABcCMwpephyog.js:2093:34902
unreachable code after return statement 8U3f7mxzDCg6-QNh2sAl4bfKrn-Nz1ABcCMwpephyog.js:2093:35889
unreachable code after return statement 8U3f7mxzDCg6-QNh2sAl4bfKrn-Nz1ABcCMwpephyog.js line 2 > eval:2093:34902
unreachable code after return statement 8U3f7mxzDCg6-QNh2sAl4bfKrn-Nz1ABcCMwpephyog.js line 2 > eval:2093:24654
unreachable code after return statement 8U3f7mxzDCg6-QNh2sAl4bfKrn-Nz1ABcCMwpephyog.js line 2 > eval:2093:20129
unreachable code after return statement 8U3f7mxzDCg6-QNh2sAl4bfKrn-Nz1ABcCMwpephyog.js line 2 > eval line 2093 > eval:1:152
unreachable code after return statement 8U3f7mxzDCg6-QNh2sAl4bfKrn-Nz1ABcCMwpephyog.js line 2 > eval line 2093 > eval line 1 > eval:1:152
unreachable code after return statement 8U3f7mxzDCg6-QNh2sAl4bfKrn-Nz1ABcCMwpephyog.js line 2 > eval line 2093 > eval:1:95
unreachable code after return statement 8U3f7mxzDCg6-QNh2sAl4bfKrn-Nz1ABcCMwpephyog.js line 2 > eval line 2093 > eval line 1 > eval:1:95
unreachable code after return statement 8U3f7mxzDCg6-QNh2sAl4bfKrn-Nz1ABcCMwpephyog.js line 2 > eval:2093:22888
unreachable code after return statement 8U3f7mxzDCg6-QNh2sAl4bfKrn-Nz1ABcCMwpephyog.js line 2 > eval:2093:22985
unreachable code after return statement 8U3f7mxzDCg6-QNh2sAl4bfKrn-Nz1ABcCMwpephyog.js line 2 > eval line 2093 > eval line 1 > eval:1:154
unreachable code after return statement 8U3f7mxzDCg6-QNh2sAl4bfKrn-Nz1ABcCMwpephyog.js line 2 > eval line 2093 > eval line 1 > eval:1:97
unreachable code after return statement 8U3f7mxzDCg6-QNh2sAl4bfKrn-Nz1ABcCMwpephyog.js line 2 > eval line 2093 > eval line 1 > eval line 1 > eval:1:97
unreachable code after return statement 8U3f7mxzDCg6-QNh2sAl4bfKrn-Nz1ABcCMwpephyog.js line 2 > eval line 2093 > eval line 1 > eval line 1 > eval:1:154
La cookie “LAST_RESULT_ENTRY_KEY” ha sido rechazada porque es externa y no tiene el atributo “Partitioned“. MYPVQccHhAQ
Uncaught (in promise) DOMException: The media resource indicated by the src attribute or assigned media provider object was not suitable.
    NextJS 2
9 page-303e75fb04b073ce.js:1
El recurso en "https://lofi-studio-ma.vercel.app/_next/static/media/e4af272ccee01ff0-s.p.woff2" precargado con un enlace precargado no se usó en unos pocos segundos. Asegúrese de que todos los atributos de la etiqueta de precarga estén configurados correctamente. error
Error de mapa de fuente: Error: NetworkError when attempting to fetch resource.
URL del recurso: https://unpkg.com/@lottiefiles/lottie-player@latest/dist/lottie-player.js 
URL del mapa de fuente: lottie-player.js.map
[lottie] fetch failed Cloud https://assets5.lottiefiles.com/packages/lf20_cloud.json 403 page-303e75fb04b073ce.js:1:13803
[lottie] fetch failed Quote https://assets8.lottiefiles.com/packages/lf20_quote.json 403 page-303e75fb04b073ce.js:1:13803
[lottie] fetch failed Wind https://assets8.lottiefiles.com/packages/lf20_wind.json 403 page-303e75fb04b073ce.js:1:13803
[lottie] fetch failed Book https://assets5.lottiefiles.com/packages/lf20_book.json 403 page-303e75fb04b073ce.js:1:13803
Uncaught (in promise) TypeError: can't access property "insertBefore", this._$AA.parentNode is null
    M https://unpkg.com/@lottiefiles/lottie-player@latest/dist/lottie-player.js:25
    S https://unpkg.com/@lottiefiles/lottie-player@latest/dist/lottie-player.js:25
    T https://unpkg.com/@lottiefiles/lottie-player@latest/dist/lottie-player.js:25
    _$AI https://unpkg.com/@lottiefiles/lottie-player@latest/dist/lottie-player.js:25
    m https://unpkg.com/@lottiefiles/lottie-player@latest/dist/lottie-player.js:25
    T https://unpkg.com/@lottiefiles/lottie-player@latest/dist/lottie-player.js:25
    _$AI https://unpkg.com/@lottiefiles/lottie-player@latest/dist/lottie-player.js:25
    x https://unpkg.com/@lottiefiles/lottie-player@latest/dist/lottie-player.js:25
    update https://unpkg.com/@lottiefiles/lottie-player@latest/dist/lottie-player.js:25
    performUpdate https://unpkg.com/@lottiefiles/lottie-player@latest/dist/lottie-player.js:25
    scheduleUpdate https://unpkg.com/@lottiefiles/lottie-player@latest/dist/lottie-player.js:25
    EC https://unpkg.com/@lottiefiles/lottie-player@latest/dist/lottie-player.js:25
    asyncGeneratorStep https://unpkg.com/@lottiefiles/lottie-player@latest/dist/lottie-player.js:1
    n https://unpkg.com/@lottiefiles/lottie-player@latest/dist/lottie-player.js:1
4 lottie-player.js:25:11046
[lottie] fetch failed Book https://assets5.lottiefiles.com/packages/lf20_book.json 403 page-303e75fb04b073ce.js:1:13803
[lottie] fetch failed Search https://assets2.lottiefiles.com/packages/lf20_search.json 403 page-303e75fb04b073ce.js:1:13803
[lottie] fetch failed Book https://assets5.lottiefiles.com/packages/lf20_book.json 403 page-303e75fb04b073ce.js:1:13803
Uncaught (in promise) TypeError: can't access property "insertBefore", this._$AA.parentNode is null
    M https://unpkg.com/@lottiefiles/lottie-player@latest/dist/lottie-player.js:25
    S https://unpkg.com/@lottiefiles/lottie-player@latest/dist/lottie-player.js:25
    T https://unpkg.com/@lottiefiles/lottie-player@latest/dist/lottie-player.js:25
    _$AI https://unpkg.com/@lottiefiles/lottie-player@latest/dist/lottie-player.js:25
    m https://unpkg.com/@lottiefiles/lottie-player@latest/dist/lottie-player.js:25
    T https://unpkg.com/@lottiefiles/lottie-player@latest/dist/lottie-player.js:25
    _$AI https://unpkg.com/@lottiefiles/lottie-player@latest/dist/lottie-player.js:25
    x https://unpkg.com/@lottiefiles/lottie-player@latest/dist/lottie-player.js:25
    update https://unpkg.com/@lottiefiles/lottie-player@latest/dist/lottie-player.js:25
    performUpdate https://unpkg.com/@lottiefiles/lottie-player@latest/dist/lottie-player.js:25
    scheduleUpdate https://unpkg.com/@lottiefiles/lottie-player@latest/dist/lottie-player.js:25
    EC https://unpkg.com/@lottiefiles/lottie-player@latest/dist/lottie-player.js:25
    asyncGeneratorStep https://unpkg.com/@lottiefiles/lottie-player@latest/dist/lottie-player.js:1
    n https://unpkg.com/@lottiefiles/lottie-player@latest/dist/lottie-player.js:1
3 lottie-player.js:25:11046
[lottie] fetch failed Cloud https://assets5.lottiefiles.com/packages/lf20_cloud.json 403 page-303e75fb04b073ce.js:1:13803
[lottie] fetch failed Quote https://assets8.lottiefiles.com/packages/lf20_quote.json 403 page-303e75fb04b073ce.js:1:13803
[lottie] fetch failed Wind https://assets8.lottiefiles.com/packages/lf20_wind.json 403 page-303e75fb04b073ce.js:1:13803
[lottie] fetch failed Book https://assets5.lottiefiles.com/packages/lf20_book.json 403 page-303e75fb04b073ce.js:1:13803
Uncaught (in promise) TypeError: can't access property "insertBefore", this._$AA.parentNode is null
    M https://unpkg.com/@lottiefiles/lottie-player@latest/dist/lottie-player.js:25
    S https://unpkg.com/@lottiefiles/lottie-player@latest/dist/lottie-player.js:25
    T https://unpkg.com/@lottiefiles/lottie-player@latest/dist/lottie-player.js:25
    _$AI https://unpkg.com/@lottiefiles/lottie-player@latest/dist/lottie-player.js:25
    m https://unpkg.com/@lottiefiles/lottie-player@latest/dist/lottie-player.js:25
    T https://unpkg.com/@lottiefiles/lottie-player@latest/dist/lottie-player.js:25
    _$AI https://unpkg.com/@lottiefiles/lottie-player@latest/dist/lottie-player.js:25
    x https://unpkg.com/@lottiefiles/lottie-player@latest/dist/lottie-player.js:25
    update https://unpkg.com/@lottiefiles/lottie-player@latest/dist/lottie-player.js:25
    performUpdate https://unpkg.com/@lottiefiles/lottie-player@latest/dist/lottie-player.js:25
    scheduleUpdate https://unpkg.com/@lottiefiles/lottie-player@latest/dist/lottie-player.js:25
    EC https://unpkg.com/@lottiefiles/lottie-player@latest/dist/lottie-player.js:25
    asyncGeneratorStep https://unpkg.com/@lottiefiles/lottie-player@latest/dist/lottie-player.js:1
    n https://unpkg.com/@lottiefiles/lottie-player@latest/dist/lottie-player.js:1
4 lottie-player.js:25:11046
Pedido de origen cruzado bloqueado: La política de mismo origen no permite leer el recurso remoto en data:text/plain;base64,Cg==. (Razón: pedido CORS no es http).
[lottie] fetch failed Quote https://assets8.lottiefiles.com/packages/lf20_quote.json 403 page-303e75fb04b073ce.js:1:13803
Uncaught (in promise) TypeError: can't access property "insertBefore", this._$AA.parentNode is null
    M https://unpkg.com/@lottiefiles/lottie-player@latest/dist/lottie-player.js:25
    S https://unpkg.com/@lottiefiles/lottie-player@latest/dist/lottie-player.js:25
    T https://unpkg.com/@lottiefiles/lottie-player@latest/dist/lottie-player.js:25
    _$AI https://unpkg.com/@lottiefiles/lottie-player@latest/dist/lottie-player.js:25
    m https://unpkg.com/@lottiefiles/lottie-player@latest/dist/lottie-player.js:25
    T https://unpkg.com/@lottiefiles/lottie-player@latest/dist/lottie-player.js:25
    _$AI https://unpkg.com/@lottiefiles/lottie-player@latest/dist/lottie-player.js:25
    x https://unpkg.com/@lottiefiles/lottie-player@latest/dist/lottie-player.js:25
    update https://unpkg.com/@lottiefiles/lottie-player@latest/dist/lottie-player.js:25
    performUpdate https://unpkg.com/@lottiefiles/lottie-player@latest/dist/lottie-player.js:25
    scheduleUpdate https://unpkg.com/@lottiefiles/lottie-player@latest/dist/lottie-player.js:25
    EC https://unpkg.com/@lottiefiles/lottie-player@latest/dist/lottie-player.js:25
    asyncGeneratorStep https://unpkg.com/@lottiefiles/lottie-player@latest/dist/lottie-player.js:1
    n https://unpkg.com/@lottiefiles/lottie-player@latest/dist/lottie-player.js:1
lottie-player.js:25:11046
Error de mapa de fuente: Error: NetworkError when attempting to fetch resource.
URL del recurso: https://unpkg.com/@lottiefiles/lottie-player@latest/dist/lottie-player.js 
URL del mapa de fuente: lottie-player.js.map
XHRPOST
https://rr3---sn-j5cax8pnpvo-n4oe.googlevideo.com/videoplayback?expire=1763788808&ei=qPMgafzwM8Wg4dUPxrDGgAY&ip=181.29.177.83&id=o-APoHnmFP26CPW7QuUGFxcFsBb09Hp0iFkdigKSW9E-kw&itag=399&aitags=133,134,135,136,160,242,243,244,247,278,298,299,302,303,308,315,394,395,396,397,398,399,400,401&source=youtube&requiressl=yes&xpc=EgVo2aDSNQ==&cps=146&met=1763767208,&mh=dO&mm=31,29&mn=sn-j5cax8pnpvo-n4oe,sn-uxaxjvh5gbxoupo5-x1xll&ms=au,rdu&mv=m&mvi=3&pl=24&rms=au,au&pcm2=no&initcwndbps=1728750&bui=AdEuB5TW_xRMxy6sLnlFH39dZFqSlWugjtI8c2vBSIBdErCXiOg39_vthv_WKzwqirmSzMIMMkG7AfiB&spc=6b0G_N72yOiOmHZXcPa4LdXlm_h4uFEtReqi2pGhaPctnwjlElnQJw&vprv=1&svpuc=1&mime=video/mp4&ns=1OZHmZr1xkxiSIqACww_gvgQ&rqh=1&gir=yes&clen=1409023791&dur=12922.833&lmt=1740349762388299&mt=1763766783&fvip=5&keepalive=yes&fexp=51552689,51565116,51565681,51580968,51669167,51673847&c=WEB_EMBEDDED_PLAYER&sefc=1&txp=4537534&n=6hdjOcFw7aA-eA&sparams=expire,ei,ip,id,aitags,source,requiressl,xpc,pcm2,bui,spc,vprv,svpuc,mime,ns,rqh,gir,clen,dur,lmt&sig=AJfQdSswRQIgQCMUbIZCsq9owN6Scmz2Mcq9ZaP-f7hb5JbqIDtaDMcCIQC3jBE435lcym9czVEiEAvav_dB53owU8XaL3luOOtM_Q==&lsparams=cps,met,mh,mm,mn,ms,mv,mvi,pl,rms,initcwndbps&lsig=APaTxxMwRQIgNWIjeHgR5BQeDL7U9p-QBB1jA5rQkK5VtACAT28GEUACIQDgQU6Dw_PxsGK9dWmGG5XRZ4FqhZPsosoBkmU2y1B2DA==&alr=yes&cpn=9hzsbUmR3CNrzIAd&cver=1.20251121.01.00&range=27348762-28803998&rn=37&rbuf=119626&pot=MlNn3Y53tBvDWWfhIhszbAzPD4YN0ov2oxAhM8Mcf38b8hLyKbdsPD-zWbZTfehgrpme_AbFEcKLEcdp7S8rItMwcPy9CoW97rfrqmO-xzo9cDzhRw==&ump=1&srfvp=1
[HTTP/1.1 200 OK 123ms]

